This is pdfTeX, Version 3.141592653-2.6-1.40.25 (TeX Live 2023) (preloaded format=pdflatex 2024.3.11)  16 MAY 2024 00:55
entering extended mode
 restricted \write18 enabled.
 %&-line parsing enabled.
**C:/Users/floza/git/inti/docs/articles/rticles.tex
(c:/Users/floza/git/inti/docs/articles/rticles.tex
LaTeX2e <2023-11-01> patch level 1
L3 programming layer <2024-02-20>

! LaTeX Error: Missing \begin{document}.

See the LaTeX manual or LaTeX Companion for explanation.
Type  H <return>  for immediate help.
 ...                                              
                                                  
l.1 <
     !DOCTYPE html> 
Here is how much of TeX's memory you used:
 19 strings out of 476035
 666 string characters out of 5789266
 1925190 words of memory out of 5000000
 22240 multiletter control sequences out of 15000+600000
 558069 words of font info for 36 fonts, out of 8000000 for 9000
 14 hyphenation exceptions out of 8191
 15i,0n,18p,100b,14s stack positions out of 10000i,1000n,20000p,200000b,200000s

!  ==> Fatal error occurred, no output PDF file produced!
